#
# There is insufficient memory for the Java Runtime Environment to continue.
# Native memory allocation (malloc) failed to allocate 2148176 bytes for Chunk::new
# Possible reasons:
#   The system is out of physical RAM or swap space
#   The process is running with CompressedOops enabled, and the Java Heap may be blocking the growth of the native heap
# Possible solutions:
#   Reduce memory load on the system
#   Increase physical memory or swap space
#   Check if swap backing store is full
#   Decrease Java heap size (-Xmx/-Xms)
#   Decrease number of Java threads
#   Decrease Java thread stack sizes (-Xss)
#   Set larger code cache with -XX:ReservedCodeCacheSize=
#   JVM is running with Unscaled Compressed Oops mode in which the Java heap is
#     placed in the first 4GB address space. The Java Heap base address is the
#     maximum limit for the native heap growth. Please use -XX:HeapBaseMinAddress
#     to set the Java Heap base and to place the Java Heap above 4GB virtual address.
# This output file may be truncated or incomplete.
#
#  Out of Memory Error (./src/hotspot/share/memory/arena.cpp:197), pid=13304, tid=28720
#
# JRE version: OpenJDK Runtime Environment (11.0.12+7) (build 11.0.12+7-b1504.28-7817840)
# Java VM: OpenJDK 64-Bit Server VM (11.0.12+7-b1504.28-7817840, mixed mode, tiered, compressed oops, g1 gc, windows-amd64)
# No core dump will be written. Minidumps are not enabled by default on client versions of Windows
#

---------------  S U M M A R Y ------------

Command Line: --add-opens=java.base/java.util=ALL-UNNAMED --add-opens=java.base/java.lang=ALL-UNNAMED --add-opens=java.base/java.lang.invoke=ALL-UNNAMED --add-opens=java.base/java.util=ALL-UNNAMED --add-opens=java.prefs/java.util.prefs=ALL-UNNAMED --add-opens=java.prefs/java.util.prefs=ALL-UNNAMED --add-opens=java.base/java.nio.charset=ALL-UNNAMED --add-opens=java.base/java.net=ALL-UNNAMED --add-opens=java.base/java.util.concurrent.atomic=ALL-UNNAMED -Xmx2048m -Dfile.encoding=UTF-8 -Duser.country=CN -Duser.language=zh -Duser.variant org.gradle.launcher.daemon.bootstrap.GradleDaemon 7.3.3

Host: AMD Ryzen 7 4800H with Radeon Graphics         , 16 cores, 15G,  Windows 10 , 64 bit Build 22621 (10.0.22621.755)
Time: Tue Nov 15 15:55:07 2022 中国标准时间 elapsed time: 4.135704 seconds (0d 0h 0m 4s)

---------------  T H R E A D  ---------------

Current thread (0x000001fab0ab4000):  JavaThread "C2 CompilerThread1" daemon [_thread_in_native, id=28720, stack(0x00000022f5b00000,0x00000022f5c00000)]


Current CompileTask:
C2:   4135 2850       4       jdk.internal.loader.URLClassPath::getResource (74 bytes)

Stack: [0x00000022f5b00000,0x00000022f5c00000]
Native frames: (J=compiled Java code, j=interpreted, Vv=VM code, C=native code)
V  [jvm.dll+0x5fbcea]
V  [jvm.dll+0x731905]
V  [jvm.dll+0x732f1d]
V  [jvm.dll+0x7335d3]
V  [jvm.dll+0x247bf8]
V  [jvm.dll+0xc018c]
V  [jvm.dll+0xc06cc]
V  [jvm.dll+0x35b31d]
V  [jvm.dll+0x328803]
V  [jvm.dll+0x327cfa]
V  [jvm.dll+0x200602]
V  [jvm.dll+0x1ff794]
V  [jvm.dll+0x18868c]
V  [jvm.dll+0x20e0d7]
V  [jvm.dll+0x20c901]
V  [jvm.dll+0x6f9b7f]
V  [jvm.dll+0x6f26a5]
V  [jvm.dll+0x5fabf6]
C  [ucrtbase.dll+0x29363]
C  [KERNEL32.DLL+0x1244d]
C  [ntdll.dll+0x5dfb8]


---------------  P R O C E S S  ---------------

Threads class SMR info:
_java_thread_list=0x000001fab0f06560, length=35, elements={
0x000001fa92246000, 0x000001faad9e4800, 0x000001faad9ee800, 0x000001faada55800,
0x000001faada56800, 0x000001faada58000, 0x000001faada5e000, 0x000001faada6a800,
0x000001faada6d800, 0x000001faadb8e800, 0x000001faadbe8000, 0x000001faae981000,
0x000001faaffd2000, 0x000001faaf048800, 0x000001faafc43000, 0x000001faafe97800,
0x000001faafb64800, 0x000001faafb65000, 0x000001faafe69800, 0x000001faafe6a800,
0x000001faafd59000, 0x000001faafd59800, 0x000001fab091c800, 0x000001fab091b000,
0x000001fab091f000, 0x000001fab091e000, 0x000001fab0ab4000, 0x000001fab091d000,
0x000001fab02e6800, 0x000001fab091b800, 0x000001fab0919000, 0x000001fab091f800,
0x000001fab091a000, 0x000001fab0275000, 0x000001fab0275800
}

Java Threads: ( => current thread )
  0x000001fa92246000 JavaThread "main" [_thread_blocked, id=35112, stack(0x00000022f2c00000,0x00000022f2d00000)]
  0x000001faad9e4800 JavaThread "Reference Handler" daemon [_thread_blocked, id=23228, stack(0x00000022f3300000,0x00000022f3400000)]
  0x000001faad9ee800 JavaThread "Finalizer" daemon [_thread_blocked, id=29892, stack(0x00000022f3400000,0x00000022f3500000)]
  0x000001faada55800 JavaThread "Signal Dispatcher" daemon [_thread_blocked, id=328, stack(0x00000022f3500000,0x00000022f3600000)]
  0x000001faada56800 JavaThread "Attach Listener" daemon [_thread_blocked, id=30340, stack(0x00000022f3600000,0x00000022f3700000)]
  0x000001faada58000 JavaThread "Service Thread" daemon [_thread_blocked, id=17496, stack(0x00000022f3700000,0x00000022f3800000)]
  0x000001faada5e000 JavaThread "C2 CompilerThread0" daemon [_thread_blocked, id=35968, stack(0x00000022f3800000,0x00000022f3900000)]
  0x000001faada6a800 JavaThread "C1 CompilerThread0" daemon [_thread_blocked, id=30608, stack(0x00000022f3900000,0x00000022f3a00000)]
  0x000001faada6d800 JavaThread "Sweeper thread" daemon [_thread_blocked, id=12128, stack(0x00000022f3a00000,0x00000022f3b00000)]
  0x000001faadb8e800 JavaThread "C1 CompilerThread1" daemon [_thread_blocked, id=18280, stack(0x00000022f3b00000,0x00000022f3c00000)]
  0x000001faadbe8000 JavaThread "Common-Cleaner" daemon [_thread_blocked, id=24140, stack(0x00000022f3c00000,0x00000022f3d00000)]
  0x000001faae981000 JavaThread "C1 CompilerThread2" daemon [_thread_blocked, id=36428, stack(0x00000022f4300000,0x00000022f4400000)]
  0x000001faaffd2000 JavaThread "C1 CompilerThread3" daemon [_thread_blocked, id=31032, stack(0x00000022f4400000,0x00000022f4500000)]
  0x000001faaf048800 JavaThread "Daemon health stats" [_thread_blocked, id=32080, stack(0x00000022f4600000,0x00000022f4700000)]
  0x000001faafc43000 JavaThread "Incoming local TCP Connector on port 55551" [_thread_in_native, id=20048, stack(0x00000022f3e00000,0x00000022f3f00000)]
  0x000001faafe97800 JavaThread "Daemon periodic checks" [_thread_blocked, id=38536, stack(0x00000022f4500000,0x00000022f4600000)]
  0x000001faafb64800 JavaThread "Daemon" [_thread_blocked, id=8744, stack(0x00000022f4700000,0x00000022f4800000)]
  0x000001faafb65000 JavaThread "Handler for socket connection from /127.0.0.1:55551 to /127.0.0.1:55552" [_thread_in_native, id=36040, stack(0x00000022f4800000,0x00000022f4900000)]
  0x000001faafe69800 JavaThread "Cancel handler" [_thread_blocked, id=27952, stack(0x00000022f4900000,0x00000022f4a00000)]
  0x000001faafe6a800 JavaThread "Daemon worker" [_thread_in_vm, id=25936, stack(0x00000022f4a00000,0x00000022f4b00000)]
  0x000001faafd59000 JavaThread "Asynchronous log dispatcher for DefaultDaemonConnection: socket connection from /127.0.0.1:55551 to /127.0.0.1:55552" [_thread_blocked, id=25484, stack(0x00000022f4b00000,0x00000022f4c00000)]
  0x000001faafd59800 JavaThread "Stdin handler" [_thread_blocked, id=38840, stack(0x00000022f4c00000,0x00000022f4d00000)]
  0x000001fab091c800 JavaThread "Daemon client event forwarder" [_thread_blocked, id=33720, stack(0x00000022f4d00000,0x00000022f4e00000)]
  0x000001fab091b000 JavaThread "Cache worker for journal cache (C:\Users\42414\.gradle\caches\journal-1)" [_thread_blocked, id=26868, stack(0x00000022f4e00000,0x00000022f4f00000)]
  0x000001fab091f000 JavaThread "File lock request listener" [_thread_in_native, id=26144, stack(0x00000022f4f00000,0x00000022f5000000)]
  0x000001fab091e000 JavaThread "Cache worker for file hash cache (C:\Users\42414\.gradle\caches\7.3.3\fileHashes)" [_thread_blocked, id=37716, stack(0x00000022f5000000,0x00000022f5100000)]
=>0x000001fab0ab4000 JavaThread "C2 CompilerThread1" daemon [_thread_in_native, id=28720, stack(0x00000022f5b00000,0x00000022f5c00000)]
  0x000001fab091d000 JavaThread "Cache worker for file hash cache (D:\SportsCampus\.gradle\7.3.3\fileHashes)" [_thread_blocked, id=18220, stack(0x00000022f5c00000,0x00000022f5d00000)]
  0x000001fab02e6800 JavaThread "C2 CompilerThread2" daemon [_thread_blocked, id=13712, stack(0x00000022f5d00000,0x00000022f5e00000)]
  0x000001fab091b800 JavaThread "File watcher server" daemon [_thread_in_native, id=25432, stack(0x00000022f5e00000,0x00000022f5f00000)]
  0x000001fab0919000 JavaThread "File watcher consumer" daemon [_thread_blocked, id=33320, stack(0x00000022f5f00000,0x00000022f6000000)]
  0x000001fab091f800 JavaThread "Cache worker for checksums cache (D:\SportsCampus\.gradle\7.3.3\checksums)" [_thread_blocked, id=32508, stack(0x00000022f6000000,0x00000022f6100000)]
  0x000001fab091a000 JavaThread "Cache worker for cache directory md-supplier (C:\Users\42414\.gradle\caches\7.3.3\md-supplier)" [_thread_blocked, id=38424, stack(0x00000022f6100000,0x00000022f6200000)]
  0x000001fab0275000 JavaThread "Cache worker for cache directory md-rule (C:\Users\42414\.gradle\caches\7.3.3\md-rule)" [_thread_blocked, id=16048, stack(0x00000022f6200000,0x00000022f6300000)]
  0x000001fab0275800 JavaThread "Cache worker for execution history cache (C:\Users\42414\.gradle\caches\7.3.3\executionHistory)" [_thread_blocked, id=13412, stack(0x00000022f6300000,0x00000022f6400000)]

Other Threads:
  0x000001faad9df800 VMThread "VM Thread" [stack: 0x00000022f3200000,0x00000022f3300000] [id=36168]
  0x000001faadc6d000 WatcherThread [stack: 0x00000022f3d00000,0x00000022f3e00000] [id=37188]
  0x000001fa92260000 GCTaskThread "GC Thread#0" [stack: 0x00000022f2d00000,0x00000022f2e00000] [id=38528]
  0x000001faae80f000 GCTaskThread "GC Thread#1" [stack: 0x00000022f3f00000,0x00000022f4000000] [id=10152]
  0x000001faae810000 GCTaskThread "GC Thread#2" [stack: 0x00000022f4000000,0x00000022f4100000] [id=23316]
  0x000001faae83c800 GCTaskThread "GC Thread#3" [stack: 0x00000022f4100000,0x00000022f4200000] [id=22948]
  0x000001faae83d800 GCTaskThread "GC Thread#4" [stack: 0x00000022f4200000,0x00000022f4300000] [id=22628]
  0x000001faafd3b800 GCTaskThread "GC Thread#5" [stack: 0x00000022f5100000,0x00000022f5200000] [id=20756]
  0x000001faafd3c000 GCTaskThread "GC Thread#6" [stack: 0x00000022f5200000,0x00000022f5300000] [id=11452]
  0x000001faafd3d000 GCTaskThread "GC Thread#7" [stack: 0x00000022f5300000,0x00000022f5400000] [id=38232]
  0x000001faafd3d800 GCTaskThread "GC Thread#8" [stack: 0x00000022f5400000,0x00000022f5500000] [id=28136]
  0x000001fab0662000 GCTaskThread "GC Thread#9" [stack: 0x00000022f5500000,0x00000022f5600000] [id=24152]
  0x000001fab066b000 GCTaskThread "GC Thread#10" [stack: 0x00000022f5600000,0x00000022f5700000] [id=35944]
  0x000001fab066b800 GCTaskThread "GC Thread#11" [stack: 0x00000022f5700000,0x00000022f5800000] [id=35740]
  0x000001faafeeb000 GCTaskThread "GC Thread#12" [stack: 0x00000022f5800000,0x00000022f5900000] [id=3940]
  0x000001fa92295800 ConcurrentGCThread "G1 Main Marker" [stack: 0x00000022f2e00000,0x00000022f2f00000] [id=32896]
  0x000001fa92297800 ConcurrentGCThread "G1 Conc#0" [stack: 0x00000022f2f00000,0x00000022f3000000] [id=2616]
  0x000001faafeee800 ConcurrentGCThread "G1 Conc#1" [stack: 0x00000022f5900000,0x00000022f5a00000] [id=24436]
  0x000001faafee9800 ConcurrentGCThread "G1 Conc#2" [stack: 0x00000022f5a00000,0x00000022f5b00000] [id=36836]
  0x000001faad030800 ConcurrentGCThread "G1 Refine#0" [stack: 0x00000022f3000000,0x00000022f3100000] [id=2684]
  0x000001faad033800 ConcurrentGCThread "G1 Young RemSet Sampling" [stack: 0x00000022f3100000,0x00000022f3200000] [id=22696]

Threads with active compile tasks:
C2 CompilerThread1   4154 2850       4       jdk.internal.loader.URLClassPath::getResource (74 bytes)

VM state:not at safepoint (normal execution)

VM Mutex/Monitor currently owned by a thread: None

Heap address: 0x0000000080000000, size: 2048 MB, Compressed Oops mode: 32-bit
Narrow klass base: 0x0000000000000000, Narrow klass shift: 3
Compressed class space size: 1073741824 Address: 0x0000000100000000

Heap:
 garbage-first heap   total 251904K, used 89191K [0x0000000080000000, 0x0000000100000000)
  region size 1024K, 72 young (73728K), 2 survivors (2048K)
 Metaspace       used 34344K, capacity 35134K, committed 35248K, reserved 1079296K
  class space    used 4443K, capacity 4775K, committed 4864K, reserved 1048576K
Heap Regions: E=young(eden), S=young(survivor), O=old, HS=humongous(starts), HC=humongous(continues), CS=collection set, F=free, A=archive, TAMS=top-at-mark-start (previous, next)
|   0|0x0000000080000000, 0x0000000080100000, 0x0000000080100000|100%| O|  |TAMS 0x0000000080000000, 0x0000000080000000| Untracked 
|   1|0x0000000080100000, 0x0000000080200000, 0x0000000080200000|100%| O|  |TAMS 0x0000000080100000, 0x0000000080100000| Untracked 
|   2|0x0000000080200000, 0x0000000080300000, 0x0000000080300000|100%| O|  |TAMS 0x0000000080200000, 0x0000000080200000| Untracked 
|   3|0x0000000080300000, 0x0000000080400000, 0x0000000080400000|100%|HS|  |TAMS 0x0000000080400000, 0x0000000080300000| Complete 
|   4|0x0000000080400000, 0x0000000080500000, 0x0000000080500000|100%|HC|  |TAMS 0x0000000080500000, 0x0000000080400000| Complete 
|   5|0x0000000080500000, 0x0000000080600000, 0x0000000080600000|100%|HC|  |TAMS 0x0000000080600000, 0x0000000080500000| Complete 
|   6|0x0000000080600000, 0x0000000080700000, 0x0000000080700000|100%| O|  |TAMS 0x0000000080700000, 0x0000000080600000| Untracked 
|   7|0x0000000080700000, 0x0000000080800000, 0x0000000080800000|100%| O|  |TAMS 0x0000000080800000, 0x0000000080700000| Untracked 
|   8|0x0000000080800000, 0x0000000080900000, 0x0000000080900000|100%| O|  |TAMS 0x0000000080900000, 0x0000000080800000| Untracked 
|   9|0x0000000080900000, 0x0000000080a00000, 0x0000000080a00000|100%| O|  |TAMS 0x0000000080947a00, 0x0000000080900000| Untracked 
|  10|0x0000000080a00000, 0x0000000080b00000, 0x0000000080b00000|100%| O|  |TAMS 0x0000000080a00000, 0x0000000080a00000| Untracked 
|  11|0x0000000080b00000, 0x0000000080c00000, 0x0000000080c00000|100%| O|  |TAMS 0x0000000080b00000, 0x0000000080b00000| Untracked 
|  12|0x0000000080c00000, 0x0000000080d00000, 0x0000000080d00000|100%| O|  |TAMS 0x0000000080c00000, 0x0000000080c00000| Untracked 
|  13|0x0000000080d00000, 0x0000000080e00000, 0x0000000080e00000|100%| O|  |TAMS 0x0000000080d00000, 0x0000000080d00000| Untracked 
|  14|0x0000000080e00000, 0x0000000080f00000, 0x0000000080f00000|100%| O|  |TAMS 0x0000000080e00000, 0x0000000080e00000| Untracked 
|  15|0x0000000080f00000, 0x0000000081000000, 0x0000000081000000|100%| O|  |TAMS 0x0000000080f00000, 0x0000000080f00000| Untracked 
|  16|0x0000000081000000, 0x000000008105de00, 0x0000000081100000| 36%| O|  |TAMS 0x0000000081000000, 0x0000000081000000| Untracked 
|  17|0x0000000081100000, 0x0000000081100000, 0x0000000081200000|  0%| F|  |TAMS 0x0000000081100000, 0x0000000081100000| Untracked 
|  18|0x0000000081200000, 0x0000000081200000, 0x0000000081300000|  0%| F|  |TAMS 0x0000000081200000, 0x0000000081200000| Untracked 
|  19|0x0000000081300000, 0x0000000081300000, 0x0000000081400000|  0%| F|  |TAMS 0x0000000081300000, 0x0000000081300000| Untracked 
|  20|0x0000000081400000, 0x0000000081400000, 0x0000000081500000|  0%| F|  |TAMS 0x0000000081400000, 0x0000000081400000| Untracked 
|  21|0x0000000081500000, 0x0000000081500000, 0x0000000081600000|  0%| F|  |TAMS 0x0000000081500000, 0x0000000081500000| Untracked 
|  22|0x0000000081600000, 0x0000000081600000, 0x0000000081700000|  0%| F|  |TAMS 0x0000000081600000, 0x0000000081600000| Untracked 
|  23|0x0000000081700000, 0x0000000081700000, 0x0000000081800000|  0%| F|  |TAMS 0x0000000081700000, 0x0000000081700000| Untracked 
|  24|0x0000000081800000, 0x0000000081800000, 0x0000000081900000|  0%| F|  |TAMS 0x0000000081800000, 0x0000000081800000| Untracked 
|  25|0x0000000081900000, 0x0000000081900000, 0x0000000081a00000|  0%| F|  |TAMS 0x0000000081900000, 0x0000000081900000| Untracked 
|  26|0x0000000081a00000, 0x0000000081a00000, 0x0000000081b00000|  0%| F|  |TAMS 0x0000000081a00000, 0x0000000081a00000| Untracked 
|  27|0x0000000081b00000, 0x0000000081b00000, 0x0000000081c00000|  0%| F|  |TAMS 0x0000000081b00000, 0x0000000081b00000| Untracked 
|  28|0x0000000081c00000, 0x0000000081c00000, 0x0000000081d00000|  0%| F|  |TAMS 0x0000000081c00000, 0x0000000081c00000| Untracked 
|  29|0x0000000081d00000, 0x0000000081d00000, 0x0000000081e00000|  0%| F|  |TAMS 0x0000000081d00000, 0x0000000081d00000| Untracked 
|  30|0x0000000081e00000, 0x0000000081e00000, 0x0000000081f00000|  0%| F|  |TAMS 0x0000000081e00000, 0x0000000081e00000| Untracked 
|  31|0x0000000081f00000, 0x0000000081f00000, 0x0000000082000000|  0%| F|  |TAMS 0x0000000081f00000, 0x0000000081f00000| Untracked 
|  32|0x0000000082000000, 0x0000000082000000, 0x0000000082100000|  0%| F|  |TAMS 0x0000000082000000, 0x0000000082000000| Untracked 
|  33|0x0000000082100000, 0x0000000082100000, 0x0000000082200000|  0%| F|  |TAMS 0x0000000082100000, 0x0000000082100000| Untracked 
|  34|0x0000000082200000, 0x0000000082200000, 0x0000000082300000|  0%| F|  |TAMS 0x0000000082200000, 0x0000000082200000| Untracked 
|  35|0x0000000082300000, 0x0000000082300000, 0x0000000082400000|  0%| F|  |TAMS 0x0000000082300000, 0x0000000082300000| Untracked 
|  36|0x0000000082400000, 0x0000000082400000, 0x0000000082500000|  0%| F|  |TAMS 0x0000000082400000, 0x0000000082400000| Untracked 
|  37|0x0000000082500000, 0x0000000082500000, 0x0000000082600000|  0%| F|  |TAMS 0x0000000082500000, 0x0000000082500000| Untracked 
|  38|0x0000000082600000, 0x0000000082600000, 0x0000000082700000|  0%| F|  |TAMS 0x0000000082600000, 0x0000000082600000| Untracked 
|  39|0x0000000082700000, 0x0000000082700000, 0x0000000082800000|  0%| F|  |TAMS 0x0000000082700000, 0x0000000082700000| Untracked 
|  40|0x0000000082800000, 0x0000000082800000, 0x0000000082900000|  0%| F|  |TAMS 0x0000000082800000, 0x0000000082800000| Untracked 
|  41|0x0000000082900000, 0x0000000082900000, 0x0000000082a00000|  0%| F|  |TAMS 0x0000000082900000, 0x0000000082900000| Untracked 
|  42|0x0000000082a00000, 0x0000000082a00000, 0x0000000082b00000|  0%| F|  |TAMS 0x0000000082a00000, 0x0000000082a00000| Untracked 
|  43|0x0000000082b00000, 0x0000000082b00000, 0x0000000082c00000|  0%| F|  |TAMS 0x0000000082b00000, 0x0000000082b00000| Untracked 
|  44|0x0000000082c00000, 0x0000000082c00000, 0x0000000082d00000|  0%| F|  |TAMS 0x0000000082c00000, 0x0000000082c00000| Untracked 
|  45|0x0000000082d00000, 0x0000000082d00000, 0x0000000082e00000|  0%| F|  |TAMS 0x0000000082d00000, 0x0000000082d00000| Untracked 
|  46|0x0000000082e00000, 0x0000000082e00000, 0x0000000082f00000|  0%| F|  |TAMS 0x0000000082e00000, 0x0000000082e00000| Untracked 
|  47|0x0000000082f00000, 0x0000000082f00000, 0x0000000083000000|  0%| F|  |TAMS 0x0000000082f00000, 0x0000000082f00000| Untracked 
|  48|0x0000000083000000, 0x0000000083000000, 0x0000000083100000|  0%| F|  |TAMS 0x0000000083000000, 0x0000000083000000| Untracked 
|  49|0x0000000083100000, 0x0000000083100000, 0x0000000083200000|  0%| F|  |TAMS 0x0000000083100000, 0x0000000083100000| Untracked 
|  50|0x0000000083200000, 0x0000000083200000, 0x0000000083300000|  0%| F|  |TAMS 0x0000000083200000, 0x0000000083200000| Untracked 
|  51|0x0000000083300000, 0x0000000083300000, 0x0000000083400000|  0%| F|  |TAMS 0x0000000083300000, 0x0000000083300000| Untracked 
|  52|0x0000000083400000, 0x0000000083400000, 0x0000000083500000|  0%| F|  |TAMS 0x0000000083400000, 0x0000000083400000| Untracked 
|  53|0x0000000083500000, 0x0000000083500000, 0x0000000083600000|  0%| F|  |TAMS 0x0000000083500000, 0x0000000083500000| Untracked 
|  54|0x0000000083600000, 0x0000000083600000, 0x0000000083700000|  0%| F|  |TAMS 0x0000000083600000, 0x0000000083600000| Untracked 
|  55|0x0000000083700000, 0x0000000083700000, 0x0000000083800000|  0%| F|  |TAMS 0x0000000083700000, 0x0000000083700000| Untracked 
|  56|0x0000000083800000, 0x0000000083800000, 0x0000000083900000|  0%| F|  |TAMS 0x0000000083800000, 0x0000000083800000| Untracked 
|  57|0x0000000083900000, 0x0000000083900000, 0x0000000083a00000|  0%| F|  |TAMS 0x0000000083900000, 0x0000000083900000| Untracked 
|  58|0x0000000083a00000, 0x0000000083a00000, 0x0000000083b00000|  0%| F|  |TAMS 0x0000000083a00000, 0x0000000083a00000| Untracked 
|  59|0x0000000083b00000, 0x0000000083b00000, 0x0000000083c00000|  0%| F|  |TAMS 0x0000000083b00000, 0x0000000083b00000| Untracked 
|  60|0x0000000083c00000, 0x0000000083c00000, 0x0000000083d00000|  0%| F|  |TAMS 0x0000000083c00000, 0x0000000083c00000| Untracked 
|  61|0x0000000083d00000, 0x0000000083d00000, 0x0000000083e00000|  0%| F|  |TAMS 0x0000000083d00000, 0x0000000083d00000| Untracked 
|  62|0x0000000083e00000, 0x0000000083e00000, 0x0000000083f00000|  0%| F|  |TAMS 0x0000000083e00000, 0x0000000083e00000| Untracked 
|  63|0x0000000083f00000, 0x0000000083f00000, 0x0000000084000000|  0%| F|  |TAMS 0x0000000083f00000, 0x0000000083f00000| Untracked 
|  64|0x0000000084000000, 0x0000000084000000, 0x0000000084100000|  0%| F|  |TAMS 0x0000000084000000, 0x0000000084000000| Untracked 
|  65|0x0000000084100000, 0x0000000084100000, 0x0000000084200000|  0%| F|  |TAMS 0x0000000084100000, 0x0000000084100000| Untracked 
|  66|0x0000000084200000, 0x0000000084200000, 0x0000000084300000|  0%| F|  |TAMS 0x0000000084200000, 0x0000000084200000| Untracked 
|  67|0x0000000084300000, 0x0000000084300000, 0x0000000084400000|  0%| F|  |TAMS 0x0000000084300000, 0x0000000084300000| Untracked 
|  68|0x0000000084400000, 0x0000000084400000, 0x0000000084500000|  0%| F|  |TAMS 0x0000000084400000, 0x0000000084400000| Untracked 
|  69|0x0000000084500000, 0x0000000084500000, 0x0000000084600000|  0%| F|  |TAMS 0x0000000084500000, 0x0000000084500000| Untracked 
|  70|0x0000000084600000, 0x0000000084600000, 0x0000000084700000|  0%| F|  |TAMS 0x0000000084600000, 0x0000000084600000| Untracked 
|  71|0x0000000084700000, 0x0000000084700000, 0x0000000084800000|  0%| F|  |TAMS 0x0000000084700000, 0x0000000084700000| Untracked 
|  72|0x0000000084800000, 0x0000000084800000, 0x0000000084900000|  0%| F|  |TAMS 0x0000000084800000, 0x0000000084800000| Untracked 
|  73|0x0000000084900000, 0x0000000084900000, 0x0000000084a00000|  0%| F|  |TAMS 0x0000000084900000, 0x0000000084900000| Untracked 
|  74|0x0000000084a00000, 0x0000000084a00000, 0x0000000084b00000|  0%| F|  |TAMS 0x0000000084a00000, 0x0000000084a00000| Untracked 
|  75|0x0000000084b00000, 0x0000000084b00000, 0x0000000084c00000|  0%| F|  |TAMS 0x0000000084b00000, 0x0000000084b00000| Untracked 
|  76|0x0000000084c00000, 0x0000000084c00000, 0x0000000084d00000|  0%| F|  |TAMS 0x0000000084c00000, 0x0000000084c00000| Untracked 
|  77|0x0000000084d00000, 0x0000000084d00000, 0x0000000084e00000|  0%| F|  |TAMS 0x0000000084d00000, 0x0000000084d00000| Untracked 
|  78|0x0000000084e00000, 0x0000000084e00000, 0x0000000084f00000|  0%| F|  |TAMS 0x0000000084e00000, 0x0000000084e00000| Untracked 
|  79|0x0000000084f00000, 0x0000000084f00000, 0x0000000085000000|  0%| F|  |TAMS 0x0000000084f00000, 0x0000000084f00000| Untracked 
|  80|0x0000000085000000, 0x0000000085000000, 0x0000000085100000|  0%| F|  |TAMS 0x0000000085000000, 0x0000000085000000| Untracked 
|  81|0x0000000085100000, 0x0000000085100000, 0x0000000085200000|  0%| F|  |TAMS 0x0000000085100000, 0x0000000085100000| Untracked 
|  82|0x0000000085200000, 0x0000000085200000, 0x0000000085300000|  0%| F|  |TAMS 0x0000000085200000, 0x0000000085200000| Untracked 
|  83|0x0000000085300000, 0x0000000085300000, 0x0000000085400000|  0%| F|  |TAMS 0x0000000085300000, 0x0000000085300000| Untracked 
|  84|0x0000000085400000, 0x0000000085400000, 0x0000000085500000|  0%| F|  |TAMS 0x0000000085400000, 0x0000000085400000| Untracked 
|  85|0x0000000085500000, 0x0000000085500000, 0x0000000085600000|  0%| F|  |TAMS 0x0000000085500000, 0x0000000085500000| Untracked 
|  86|0x0000000085600000, 0x0000000085600000, 0x0000000085700000|  0%| F|  |TAMS 0x0000000085600000, 0x0000000085600000| Untracked 
|  87|0x0000000085700000, 0x0000000085700000, 0x0000000085800000|  0%| F|  |TAMS 0x0000000085700000, 0x0000000085700000| Untracked 
|  88|0x0000000085800000, 0x0000000085800000, 0x0000000085900000|  0%| F|  |TAMS 0x0000000085800000, 0x0000000085800000| Untracked 
|  89|0x0000000085900000, 0x0000000085900000, 0x0000000085a00000|  0%| F|  |TAMS 0x0000000085900000, 0x0000000085900000| Untracked 
|  90|0x0000000085a00000, 0x0000000085a00000, 0x0000000085b00000|  0%| F|  |TAMS 0x0000000085a00000, 0x0000000085a00000| Untracked 
|  91|0x0000000085b00000, 0x0000000085b00000, 0x0000000085c00000|  0%| F|  |TAMS 0x0000000085b00000, 0x0000000085b00000| Untracked 
|  92|0x0000000085c00000, 0x0000000085c00000, 0x0000000085d00000|  0%| F|  |TAMS 0x0000000085c00000, 0x0000000085c00000| Untracked 
|  93|0x0000000085d00000, 0x0000000085d00000, 0x0000000085e00000|  0%| F|  |TAMS 0x0000000085d00000, 0x0000000085d00000| Untracked 
|  94|0x0000000085e00000, 0x0000000085e00000, 0x0000000085f00000|  0%| F|  |TAMS 0x0000000085e00000, 0x0000000085e00000| Untracked 
|  95|0x0000000085f00000, 0x0000000085f00000, 0x0000000086000000|  0%| F|  |TAMS 0x0000000085f00000, 0x0000000085f00000| Untracked 
|  96|0x0000000086000000, 0x0000000086000000, 0x0000000086100000|  0%| F|  |TAMS 0x0000000086000000, 0x0000000086000000| Untracked 
|  97|0x0000000086100000, 0x0000000086100000, 0x0000000086200000|  0%| F|  |TAMS 0x0000000086100000, 0x0000000086100000| Untracked 
|  98|0x0000000086200000, 0x0000000086200000, 0x0000000086300000|  0%| F|  |TAMS 0x0000000086200000, 0x0000000086200000| Untracked 
|  99|0x0000000086300000, 0x0000000086300000, 0x0000000086400000|  0%| F|  |TAMS 0x0000000086300000, 0x0000000086300000| Untracked 
| 100|0x0000000086400000, 0x0000000086400000, 0x0000000086500000|  0%| F|  |TAMS 0x0000000086400000, 0x0000000086400000| Untracked 
| 101|0x0000000086500000, 0x0000000086500000, 0x0000000086600000|  0%| F|  |TAMS 0x0000000086500000, 0x0000000086500000| Untracked 
| 102|0x0000000086600000, 0x0000000086600000, 0x0000000086700000|  0%| F|  |TAMS 0x0000000086600000, 0x0000000086600000| Untracked 
| 103|0x0000000086700000, 0x0000000086700000, 0x0000000086800000|  0%| F|  |TAMS 0x0000000086700000, 0x0000000086700000| Untracked 
| 104|0x0000000086800000, 0x0000000086800000, 0x0000000086900000|  0%| F|  |TAMS 0x0000000086800000, 0x0000000086800000| Untracked 
| 105|0x0000000086900000, 0x0000000086900000, 0x0000000086a00000|  0%| F|  |TAMS 0x0000000086900000, 0x0000000086900000| Untracked 
| 106|0x0000000086a00000, 0x0000000086a00000, 0x0000000086b00000|  0%| F|  |TAMS 0x0000000086a00000, 0x0000000086a00000| Untracked 
| 107|0x0000000086b00000, 0x0000000086b00000, 0x0000000086c00000|  0%| F|  |TAMS 0x0000000086b00000, 0x0000000086b00000| Untracked 
| 108|0x0000000086c00000, 0x0000000086c00000, 0x0000000086d00000|  0%| F|  |TAMS 0x0000000086c00000, 0x0000000086c00000| Untracked 
| 109|0x0000000086d00000, 0x0000000086d00000, 0x0000000086e00000|  0%| F|  |TAMS 0x0000000086d00000, 0x0000000086d00000| Untracked 
| 110|0x0000000086e00000, 0x0000000086e00000, 0x0000000086f00000|  0%| F|  |TAMS 0x0000000086e00000, 0x0000000086e00000| Untracked 
| 111|0x0000000086f00000, 0x0000000086f00000, 0x0000000087000000|  0%| F|  |TAMS 0x0000000086f00000, 0x0000000086f00000| Untracked 
| 112|0x0000000087000000, 0x0000000087000000, 0x0000000087100000|  0%| F|  |TAMS 0x0000000087000000, 0x0000000087000000| Untracked 
| 113|0x0000000087100000, 0x0000000087100000, 0x0000000087200000|  0%| F|  |TAMS 0x0000000087100000, 0x0000000087100000| Untracked 
| 114|0x0000000087200000, 0x0000000087200000, 0x0000000087300000|  0%| F|  |TAMS 0x0000000087200000, 0x0000000087200000| Untracked 
| 115|0x0000000087300000, 0x0000000087300000, 0x0000000087400000|  0%| F|  |TAMS 0x0000000087300000, 0x0000000087300000| Untracked 
| 116|0x0000000087400000, 0x0000000087400000, 0x0000000087500000|  0%| F|  |TAMS 0x0000000087400000, 0x0000000087400000| Untracked 
| 117|0x0000000087500000, 0x0000000087500000, 0x0000000087600000|  0%| F|  |TAMS 0x0000000087500000, 0x0000000087500000| Untracked 
| 118|0x0000000087600000, 0x0000000087600000, 0x0000000087700000|  0%| F|  |TAMS 0x0000000087600000, 0x0000000087600000| Untracked 
| 119|0x0000000087700000, 0x0000000087700000, 0x0000000087800000|  0%| F|  |TAMS 0x0000000087700000, 0x0000000087700000| Untracked 
| 120|0x0000000087800000, 0x0000000087800000, 0x0000000087900000|  0%| F|  |TAMS 0x0000000087800000, 0x0000000087800000| Untracked 
| 121|0x0000000087900000, 0x0000000087900000, 0x0000000087a00000|  0%| F|  |TAMS 0x0000000087900000, 0x0000000087900000| Untracked 
| 122|0x0000000087a00000, 0x0000000087a00000, 0x0000000087b00000|  0%| F|  |TAMS 0x0000000087a00000, 0x0000000087a00000| Untracked 
| 123|0x0000000087b00000, 0x0000000087b00000, 0x0000000087c00000|  0%| F|  |TAMS 0x0000000087b00000, 0x0000000087b00000| Untracked 
| 124|0x0000000087c00000, 0x0000000087c00000, 0x0000000087d00000|  0%| F|  |TAMS 0x0000000087c00000, 0x0000000087c00000| Untracked 
| 125|0x0000000087d00000, 0x0000000087d00000, 0x0000000087e00000|  0%| F|  |TAMS 0x0000000087d00000, 0x0000000087d00000| Untracked 
| 126|0x0000000087e00000, 0x0000000087e00000, 0x0000000087f00000|  0%| F|  |TAMS 0x0000000087e00000, 0x0000000087e00000| Untracked 
| 127|0x0000000087f00000, 0x0000000087f00000, 0x0000000088000000|  0%| F|  |TAMS 0x0000000087f00000, 0x0000000087f00000| Untracked 
| 128|0x0000000088000000, 0x0000000088000000, 0x0000000088100000|  0%| F|  |TAMS 0x0000000088000000, 0x0000000088000000| Untracked 
| 129|0x0000000088100000, 0x0000000088100000, 0x0000000088200000|  0%| F|  |TAMS 0x0000000088100000, 0x0000000088100000| Untracked 
| 130|0x0000000088200000, 0x0000000088200000, 0x0000000088300000|  0%| F|  |TAMS 0x0000000088200000, 0x0000000088200000| Untracked 
| 131|0x0000000088300000, 0x0000000088300000, 0x0000000088400000|  0%| F|  |TAMS 0x0000000088300000, 0x0000000088300000| Untracked 
| 132|0x0000000088400000, 0x0000000088400000, 0x0000000088500000|  0%| F|  |TAMS 0x0000000088400000, 0x0000000088400000| Untracked 
| 133|0x0000000088500000, 0x0000000088500000, 0x0000000088600000|  0%| F|  |TAMS 0x0000000088500000, 0x0000000088500000| Untracked 
| 134|0x0000000088600000, 0x0000000088600000, 0x0000000088700000|  0%| F|  |TAMS 0x0000000088600000, 0x0000000088600000| Untracked 
| 135|0x0000000088700000, 0x0000000088700000, 0x0000000088800000|  0%| F|  |TAMS 0x0000000088700000, 0x0000000088700000| Untracked 
| 136|0x0000000088800000, 0x0000000088800000, 0x0000000088900000|  0%| F|  |TAMS 0x0000000088800000, 0x0000000088800000| Untracked 
| 137|0x0000000088900000, 0x0000000088900000, 0x0000000088a00000|  0%| F|  |TAMS 0x0000000088900000, 0x0000000088900000| Untracked 
| 138|0x0000000088a00000, 0x0000000088a00000, 0x0000000088b00000|  0%| F|  |TAMS 0x0000000088a00000, 0x0000000088a00000| Untracked 
| 139|0x0000000088b00000, 0x0000000088b00000, 0x0000000088c00000|  0%| F|  |TAMS 0x0000000088b00000, 0x0000000088b00000| Untracked 
| 140|0x0000000088c00000, 0x0000000088c00000, 0x0000000088d00000|  0%| F|  |TAMS 0x0000000088c00000, 0x0000000088c00000| Untracked 
| 141|0x0000000088d00000, 0x0000000088d00000, 0x0000000088e00000|  0%| F|  |TAMS 0x0000000088d00000, 0x0000000088d00000| Untracked 
| 142|0x0000000088e00000, 0x0000000088e00000, 0x0000000088f00000|  0%| F|  |TAMS 0x0000000088e00000, 0x0000000088e00000| Untracked 
| 143|0x0000000088f00000, 0x0000000088f00000, 0x0000000089000000|  0%| F|  |TAMS 0x0000000088f00000, 0x0000000088f00000| Untracked 
| 144|0x0000000089000000, 0x0000000089000000, 0x0000000089100000|  0%| F|  |TAMS 0x0000000089000000, 0x0000000089000000| Untracked 
| 145|0x0000000089100000, 0x0000000089100000, 0x0000000089200000|  0%| F|  |TAMS 0x0000000089100000, 0x0000000089100000| Untracked 
| 146|0x0000000089200000, 0x0000000089200000, 0x0000000089300000|  0%| F|  |TAMS 0x0000000089200000, 0x0000000089200000| Untracked 
| 147|0x0000000089300000, 0x0000000089300000, 0x0000000089400000|  0%| F|  |TAMS 0x0000000089300000, 0x0000000089300000| Untracked 
| 148|0x0000000089400000, 0x0000000089400000, 0x0000000089500000|  0%| F|  |TAMS 0x0000000089400000, 0x0000000089400000| Untracked 
| 149|0x0000000089500000, 0x0000000089500000, 0x0000000089600000|  0%| F|  |TAMS 0x0000000089500000, 0x0000000089500000| Untracked 
| 150|0x0000000089600000, 0x0000000089600000, 0x0000000089700000|  0%| F|  |TAMS 0x0000000089600000, 0x0000000089600000| Untracked 
| 151|0x0000000089700000, 0x0000000089700000, 0x0000000089800000|  0%| F|  |TAMS 0x0000000089700000, 0x0000000089700000| Untracked 
| 152|0x0000000089800000, 0x0000000089800000, 0x0000000089900000|  0%| F|  |TAMS 0x0000000089800000, 0x0000000089800000| Untracked 
| 153|0x0000000089900000, 0x0000000089900000, 0x0000000089a00000|  0%| F|  |TAMS 0x0000000089900000, 0x0000000089900000| Untracked 
| 154|0x0000000089a00000, 0x0000000089a00000, 0x0000000089b00000|  0%| F|  |TAMS 0x0000000089a00000, 0x0000000089a00000| Untracked 
| 155|0x0000000089b00000, 0x0000000089b00000, 0x0000000089c00000|  0%| F|  |TAMS 0x0000000089b00000, 0x0000000089b00000| Untracked 
| 156|0x0000000089c00000, 0x0000000089c00000, 0x0000000089d00000|  0%| F|  |TAMS 0x0000000089c00000, 0x0000000089c00000| Untracked 
| 157|0x0000000089d00000, 0x0000000089d00000, 0x0000000089e00000|  0%| F|  |TAMS 0x0000000089d00000, 0x0000000089d00000| Untracked 
| 158|0x0000000089e00000, 0x0000000089e00000, 0x0000000089f00000|  0%| F|  |TAMS 0x0000000089e00000, 0x0000000089e00000| Untracked 
| 159|0x0000000089f00000, 0x0000000089f00000, 0x000000008a000000|  0%| F|  |TAMS 0x0000000089f00000, 0x0000000089f00000| Untracked 
| 160|0x000000008a000000, 0x000000008a000000, 0x000000008a100000|  0%| F|  |TAMS 0x000000008a000000, 0x000000008a000000| Untracked 
| 161|0x000000008a100000, 0x000000008a100000, 0x000000008a200000|  0%| F|  |TAMS 0x000000008a100000, 0x000000008a100000| Untracked 
| 162|0x000000008a200000, 0x000000008a200000, 0x000000008a300000|  0%| F|  |TAMS 0x000000008a200000, 0x000000008a200000| Untracked 
| 163|0x000000008a300000, 0x000000008a300000, 0x000000008a400000|  0%| F|  |TAMS 0x000000008a300000, 0x000000008a300000| Untracked 
| 164|0x000000008a400000, 0x000000008a400000, 0x000000008a500000|  0%| F|  |TAMS 0x000000008a400000, 0x000000008a400000| Untracked 
| 165|0x000000008a500000, 0x000000008a500000, 0x000000008a600000|  0%| F|  |TAMS 0x000000008a500000, 0x000000008a500000| Untracked 
| 166|0x000000008a600000, 0x000000008a600000, 0x000000008a700000|  0%| F|  |TAMS 0x000000008a600000, 0x000000008a600000| Untracked 
| 167|0x000000008a700000, 0x000000008a700000, 0x000000008a800000|  0%| F|  |TAMS 0x000000008a700000, 0x000000008a700000| Untracked 
| 168|0x000000008a800000, 0x000000008a800000, 0x000000008a900000|  0%| F|  |TAMS 0x000000008a800000, 0x000000008a800000| Untracked 
| 169|0x000000008a900000, 0x000000008a900000, 0x000000008aa00000|  0%| F|  |TAMS 0x000000008a900000, 0x000000008a900000| Untracked 
| 170|0x000000008aa00000, 0x000000008aa00000, 0x000000008ab00000|  0%| F|  |TAMS 0x000000008aa00000, 0x000000008aa00000| Untracked 
| 171|0x000000008ab00000, 0x000000008ab00000, 0x000000008ac00000|  0%| F|  |TAMS 0x000000008ab00000, 0x000000008ab00000| Untracked 
| 172|0x000000008ac00000, 0x000000008ac00000, 0x000000008ad00000|  0%| F|  |TAMS 0x000000008ac00000, 0x000000008ac00000| Untracked 
| 173|0x000000008ad00000, 0x000000008ad00000, 0x000000008ae00000|  0%| F|  |TAMS 0x000000008ad00000, 0x000000008ad00000| Untracked 
| 174|0x000000008ae00000, 0x000000008af00000, 0x000000008af00000|100%| E|  |TAMS 0x000000008ae00000, 0x000000008ae00000| Complete 
| 175|0x000000008af00000, 0x000000008b000000, 0x000000008b000000|100%| E|CS|TAMS 0x000000008af00000, 0x000000008af00000| Complete 
| 176|0x000000008b000000, 0x000000008b100000, 0x000000008b100000|100%| E|CS|TAMS 0x000000008b000000, 0x000000008b000000| Complete 
| 177|0x000000008b100000, 0x000000008b200000, 0x000000008b200000|100%| E|CS|TAMS 0x000000008b100000, 0x000000008b100000| Complete 
| 178|0x000000008b200000, 0x000000008b300000, 0x000000008b300000|100%| E|CS|TAMS 0x000000008b200000, 0x000000008b200000| Complete 
| 179|0x000000008b300000, 0x000000008b400000, 0x000000008b400000|100%| E|CS|TAMS 0x000000008b300000, 0x000000008b300000| Complete 
| 180|0x000000008b400000, 0x000000008b500000, 0x000000008b500000|100%| E|CS|TAMS 0x000000008b400000, 0x000000008b400000| Complete 
| 181|0x000000008b500000, 0x000000008b600000, 0x000000008b600000|100%| E|CS|TAMS 0x000000008b500000, 0x000000008b500000| Complete 
| 182|0x000000008b600000, 0x000000008b700000, 0x000000008b700000|100%| E|CS|TAMS 0x000000008b600000, 0x000000008b600000| Complete 
| 183|0x000000008b700000, 0x000000008b800000, 0x000000008b800000|100%| E|CS|TAMS 0x000000008b700000, 0x000000008b700000| Complete 
| 184|0x000000008b800000, 0x000000008b900000, 0x000000008b900000|100%| E|CS|TAMS 0x000000008b800000, 0x000000008b800000| Complete 
| 185|0x000000008b900000, 0x000000008ba00000, 0x000000008ba00000|100%| E|CS|TAMS 0x000000008b900000, 0x000000008b900000| Complete 
| 186|0x000000008ba00000, 0x000000008bb00000, 0x000000008bb00000|100%| E|CS|TAMS 0x000000008ba00000, 0x000000008ba00000| Complete 
| 187|0x000000008bb00000, 0x000000008bc00000, 0x000000008bc00000|100%| E|CS|TAMS 0x000000008bb00000, 0x000000008bb00000| Complete 
| 188|0x000000008bc00000, 0x000000008bd00000, 0x000000008bd00000|100%| E|CS|TAMS 0x000000008bc00000, 0x000000008bc00000| Complete 
| 189|0x000000008bd00000, 0x000000008be00000, 0x000000008be00000|100%| E|CS|TAMS 0x000000008bd00000, 0x000000008bd00000| Complete 
| 190|0x000000008be00000, 0x000000008bf00000, 0x000000008bf00000|100%| E|CS|TAMS 0x000000008be00000, 0x000000008be00000| Complete 
| 191|0x000000008bf00000, 0x000000008c000000, 0x000000008c000000|100%| E|CS|TAMS 0x000000008bf00000, 0x000000008bf00000| Complete 
| 192|0x000000008c000000, 0x000000008c100000, 0x000000008c100000|100%| E|CS|TAMS 0x000000008c000000, 0x000000008c000000| Complete 
| 193|0x000000008c100000, 0x000000008c200000, 0x000000008c200000|100%| E|CS|TAMS 0x000000008c100000, 0x000000008c100000| Complete 
| 194|0x000000008c200000, 0x000000008c300000, 0x000000008c300000|100%| E|CS|TAMS 0x000000008c200000, 0x000000008c200000| Complete 
| 195|0x000000008c300000, 0x000000008c400000, 0x000000008c400000|100%| E|CS|TAMS 0x000000008c300000, 0x000000008c300000| Complete 
| 196|0x000000008c400000, 0x000000008c500000, 0x000000008c500000|100%| E|CS|TAMS 0x000000008c400000, 0x000000008c400000| Complete 
| 197|0x000000008c500000, 0x000000008c600000, 0x000000008c600000|100%| E|CS|TAMS 0x000000008c500000, 0x000000008c500000| Complete 
| 198|0x000000008c600000, 0x000000008c700000, 0x000000008c700000|100%| E|CS|TAMS 0x000000008c600000, 0x000000008c600000| Complete 
| 199|0x000000008c700000, 0x000000008c800000, 0x000000008c800000|100%| E|CS|TAMS 0x000000008c700000, 0x000000008c700000| Complete 
| 200|0x000000008c800000, 0x000000008c900000, 0x000000008c900000|100%| E|CS|TAMS 0x000000008c800000, 0x000000008c800000| Complete 
| 201|0x000000008c900000, 0x000000008ca00000, 0x000000008ca00000|100%| E|CS|TAMS 0x000000008c900000, 0x000000008c900000| Complete 
| 202|0x000000008ca00000, 0x000000008cb00000, 0x000000008cb00000|100%| E|CS|TAMS 0x000000008ca00000, 0x000000008ca00000| Complete 
| 203|0x000000008cb00000, 0x000000008cc00000, 0x000000008cc00000|100%| E|CS|TAMS 0x000000008cb00000, 0x000000008cb00000| Complete 
| 204|0x000000008cc00000, 0x000000008ccbbe48, 0x000000008cd00000| 73%| S|CS|TAMS 0x000000008cc00000, 0x000000008cc00000| Complete 
| 205|0x000000008cd00000, 0x000000008ce00000, 0x000000008ce00000|100%| S|CS|TAMS 0x000000008cd00000, 0x000000008cd00000| Complete 
| 206|0x000000008ce00000, 0x000000008cf00000, 0x000000008cf00000|100%| E|CS|TAMS 0x000000008ce00000, 0x000000008ce00000| Complete 
| 207|0x000000008cf00000, 0x000000008d000000, 0x000000008d000000|100%| E|CS|TAMS 0x000000008cf00000, 0x000000008cf00000| Complete 
| 208|0x000000008d000000, 0x000000008d100000, 0x000000008d100000|100%| E|CS|TAMS 0x000000008d000000, 0x000000008d000000| Complete 
| 209|0x000000008d100000, 0x000000008d200000, 0x000000008d200000|100%| E|CS|TAMS 0x000000008d100000, 0x000000008d100000| Complete 
| 210|0x000000008d200000, 0x000000008d300000, 0x000000008d300000|100%| E|CS|TAMS 0x000000008d200000, 0x000000008d200000| Complete 
| 211|0x000000008d300000, 0x000000008d400000, 0x000000008d400000|100%| E|CS|TAMS 0x000000008d300000, 0x000000008d300000| Complete 
| 212|0x000000008d400000, 0x000000008d500000, 0x000000008d500000|100%| E|CS|TAMS 0x000000008d400000, 0x000000008d400000| Complete 
| 213|0x000000008d500000, 0x000000008d600000, 0x000000008d600000|100%| E|CS|TAMS 0x000000008d500000, 0x000000008d500000| Complete 
| 214|0x000000008d600000, 0x000000008d700000, 0x000000008d700000|100%| E|CS|TAMS 0x000000008d600000, 0x000000008d600000| Complete 
| 215|0x000000008d700000, 0x000000008d800000, 0x000000008d800000|100%| E|CS|TAMS 0x000000008d700000, 0x000000008d700000| Complete 
| 216|0x000000008d800000, 0x000000008d900000, 0x000000008d900000|100%| E|CS|TAMS 0x000000008d800000, 0x000000008d800000| Complete 
| 217|0x000000008d900000, 0x000000008da00000, 0x000000008da00000|100%| E|CS|TAMS 0x000000008d900000, 0x000000008d900000| Complete 
| 218|0x000000008da00000, 0x000000008db00000, 0x000000008db00000|100%| E|CS|TAMS 0x000000008da00000, 0x000000008da00000| Complete 
| 219|0x000000008db00000, 0x000000008dc00000, 0x000000008dc00000|100%| E|CS|TAMS 0x000000008db00000, 0x000000008db00000| Complete 
| 220|0x000000008dc00000, 0x000000008dd00000, 0x000000008dd00000|100%| E|CS|TAMS 0x000000008dc00000, 0x000000008dc00000| Complete 
| 221|0x000000008dd00000, 0x000000008de00000, 0x000000008de00000|100%| E|CS|TAMS 0x000000008dd00000, 0x000000008dd00000| Complete 
| 222|0x000000008de00000, 0x000000008df00000, 0x000000008df00000|100%| E|CS|TAMS 0x000000008de00000, 0x000000008de00000| Complete 
| 223|0x000000008df00000, 0x000000008e000000, 0x000000008e000000|100%| E|CS|TAMS 0x000000008df00000, 0x000000008df00000| Complete 
| 224|0x000000008e000000, 0x000000008e100000, 0x000000008e100000|100%| E|CS|TAMS 0x000000008e000000, 0x000000008e000000| Complete 
| 225|0x000000008e100000, 0x000000008e200000, 0x000000008e200000|100%| E|CS|TAMS 0x000000008e100000, 0x000000008e100000| Complete 
| 226|0x000000008e200000, 0x000000008e300000, 0x000000008e300000|100%| E|CS|TAMS 0x000000008e200000, 0x000000008e200000| Complete 
| 227|0x000000008e300000, 0x000000008e400000, 0x000000008e400000|100%| E|CS|TAMS 0x000000008e300000, 0x000000008e300000| Complete 
| 228|0x000000008e400000, 0x000000008e500000, 0x000000008e500000|100%| E|CS|TAMS 0x000000008e400000, 0x000000008e400000| Complete 
| 229|0x000000008e500000, 0x000000008e600000, 0x000000008e600000|100%| E|CS|TAMS 0x000000008e500000, 0x000000008e500000| Complete 
| 230|0x000000008e600000, 0x000000008e700000, 0x000000008e700000|100%| E|CS|TAMS 0x000000008e600000, 0x000000008e600000| Complete 
| 231|0x000000008e700000, 0x000000008e800000, 0x000000008e800000|100%| E|CS|TAMS 0x000000008e700000, 0x000000008e700000| Complete 
| 232|0x000000008e800000, 0x000000008e900000, 0x000000008e900000|100%| E|CS|TAMS 0x000000008e800000, 0x000000008e800000| Complete 
| 233|0x000000008e900000, 0x000000008ea00000, 0x000000008ea00000|100%| E|CS|TAMS 0x000000008e900000, 0x000000008e900000| Complete 
| 234|0x000000008ea00000, 0x000000008eb00000, 0x000000008eb00000|100%| E|CS|TAMS 0x000000008ea00000, 0x000000008ea00000| Complete 
| 235|0x000000008eb00000, 0x000000008ec00000, 0x000000008ec00000|100%| E|CS|TAMS 0x000000008eb00000, 0x000000008eb00000| Complete 
| 236|0x000000008ec00000, 0x000000008ed00000, 0x000000008ed00000|100%| E|CS|TAMS 0x000000008ec00000, 0x000000008ec00000| Complete 
| 237|0x000000008ed00000, 0x000000008ee00000, 0x000000008ee00000|100%| E|CS|TAMS 0x000000008ed00000, 0x000000008ed00000| Complete 
| 238|0x000000008ee00000, 0x000000008ef00000, 0x000000008ef00000|100%| E|CS|TAMS 0x000000008ee00000, 0x000000008ee00000| Complete 
| 239|0x000000008ef00000, 0x000000008f000000, 0x000000008f000000|100%| E|CS|TAMS 0x000000008ef00000, 0x000000008ef00000| Complete 
| 240|0x000000008f000000, 0x000000008f100000, 0x000000008f100000|100%| E|CS|TAMS 0x000000008f000000, 0x000000008f000000| Complete 
| 241|0x000000008f100000, 0x000000008f200000, 0x000000008f200000|100%| E|CS|TAMS 0x000000008f100000, 0x000000008f100000| Complete 
| 242|0x000000008f200000, 0x000000008f300000, 0x000000008f300000|100%| E|CS|TAMS 0x000000008f200000, 0x000000008f200000| Complete 
| 243|0x000000008f300000, 0x000000008f400000, 0x000000008f400000|100%| E|CS|TAMS 0x000000008f300000, 0x000000008f300000| Complete 
| 244|0x000000008f400000, 0x000000008f500000, 0x000000008f500000|100%| E|CS|TAMS 0x000000008f400000, 0x000000008f400000| Complete 
| 245|0x000000008f500000, 0x000000008f600000, 0x000000008f600000|100%| E|CS|TAMS 0x000000008f500000, 0x000000008f500000| Complete 

Card table byte_map: [0x000001faa59d0000,0x000001faa5dd0000] _byte_map_base: 0x000001faa55d0000

Marking Bits (Prev, Next): (CMBitMap*) 0x000001fa9228cc20, (CMBitMap*) 0x000001fa9228cbe8
 Prev Bits: [0x000001faa81d0000, 0x000001faaa1d0000)
 Next Bits: [0x000001faa61d0000, 0x000001faa81d0000)

Polling page: 0x000001fa901d0000

Metaspace:

Usage:
  Non-class:     29.83 MB capacity,    29.35 MB ( 98%) used,   427.59 KB (  1%) free+waste,    70.63 KB ( <1%) overhead. 
      Class:      4.66 MB capacity,     4.35 MB ( 93%) used,   281.34 KB (  6%) free+waste,    34.69 KB ( <1%) overhead. 
       Both:     34.50 MB capacity,    33.70 MB ( 98%) used,   708.94 KB (  2%) free+waste,   105.31 KB ( <1%) overhead. 

Virtual space:
  Non-class space:       30.00 MB reserved,      29.92 MB (>99%) committed 
      Class space:        1.00 GB reserved,       4.75 MB ( <1%) committed 
             Both:        1.03 GB reserved,      34.67 MB (  3%) committed 

Chunk freelists:
   Non-Class:  25.00 KB
       Class:  25.00 KB
        Both:  50.00 KB

MaxMetaspaceSize: 17179869184.00 GB
CompressedClassSpaceSize: 1.00 GB
Initial GC threshold: 20.80 MB
Current GC threshold: 34.87 MB
CDS: off

CodeHeap 'non-profiled nmethods': size=119168Kb used=1501Kb max_used=1501Kb free=117666Kb
 bounds [0x000001fa9d8f0000, 0x000001fa9db60000, 0x000001faa4d50000]
CodeHeap 'profiled nmethods': size=119168Kb used=6712Kb max_used=6712Kb free=112456Kb
 bounds [0x000001fa96490000, 0x000001fa96b20000, 0x000001fa9d8f0000]
CodeHeap 'non-nmethods': size=7424Kb used=2934Kb max_used=2968Kb free=4489Kb
 bounds [0x000001fa95d50000, 0x000001fa96040000, 0x000001fa96490000]
 total_blobs=3567 nmethods=3047 adapters=429
 compilation: enabled
              stopped_count=0, restarted_count=0
 full_count=0

Compilation events (20 events):
Event: 4.133 Thread 0x000001faadb8e800 3035   !   3       org.codehaus.groovy.vmplugin.v8.Java8::checkCanSetAccessible (49 bytes)
Event: 4.133 Thread 0x000001faaffd2000 3033       3       java.util.stream.AbstractPipeline::<init> (91 bytes)
Event: 4.133 Thread 0x000001faae981000 nmethod 3032 0x000001fa96b15c10 code [0x000001fa96b15dc0, 0x000001fa96b15ee8]
Event: 4.133 Thread 0x000001faada6a800 nmethod 3031 0x000001fa96b15f90 code [0x000001fa96b16160, 0x000001fa96b16308]
Event: 4.133 Thread 0x000001faae981000 3034       3       java.util.stream.Sink$ChainedReference::<init> (16 bytes)
Event: 4.133 Thread 0x000001faada6a800 3036       3       java.util.stream.Sink$ChainedReference::end (10 bytes)
Event: 4.133 Thread 0x000001faadb8e800 nmethod 3035 0x000001fa96b16410 code [0x000001fa96b16600, 0x000001fa96b16b88]
Event: 4.133 Thread 0x000001faada6a800 nmethod 3036 0x000001fa96b16d10 code [0x000001fa96b16ec0, 0x000001fa96b17088]
Event: 4.133 Thread 0x000001faaffd2000 nmethod 3033 0x000001fa96b17190 code [0x000001fa96b173a0, 0x000001fa96b17a18]
Event: 4.133 Thread 0x000001faae981000 nmethod 3034 0x000001fa96b17c10 code [0x000001fa96b17e00, 0x000001fa96b18208]
Event: 4.133 Thread 0x000001fab02e6800 3037       4       java.lang.reflect.Method::copy (84 bytes)
Event: 4.134 Thread 0x000001faada6a800 3040       3       org.codehaus.groovy.runtime.metaclass.MethodHelper::isStatic (19 bytes)
Event: 4.134 Thread 0x000001faadb8e800 3039       3       org.codehaus.groovy.reflection.CachedMethod::isStatic (8 bytes)
Event: 4.134 Thread 0x000001faaffd2000 3041       3       groovy.lang.MetaMethod::isPublic (15 bytes)
Event: 4.134 Thread 0x000001faae981000 3042       3       org.codehaus.groovy.reflection.CachedMethod::getParamsCount (6 bytes)
Event: 4.134 Thread 0x000001faaffd2000 nmethod 3041 0x000001fa96b18390 code [0x000001fa96b18540, 0x000001fa96b18748]
Event: 4.134 Thread 0x000001faae981000 nmethod 3042 0x000001fa96b18810 code [0x000001fa96b189e0, 0x000001fa96b18c48]
Event: 4.134 Thread 0x000001faada6a800 nmethod 3040 0x000001fa96b18d90 code [0x000001fa96b18f40, 0x000001fa96b19098]
Event: 4.134 Thread 0x000001faae981000 3043       3       org.codehaus.groovy.runtime.metaclass.NewMetaMethod::getDeclaringClass (7 bytes)
Event: 4.134 Thread 0x000001faadb8e800 nmethod 3039 0x000001fa96b19190 code [0x000001fa96b19340, 0x000001fa96b19518]

GC Heap History (6 events):
Event: 0.787 GC heap before
{Heap before GC invocations=0 (full 0):
 garbage-first heap   total 251904K, used 29696K [0x0000000080000000, 0x0000000100000000)
  region size 1024K, 24 young (24576K), 0 survivors (0K)
 Metaspace       used 10189K, capacity 10387K, committed 10624K, reserved 1058816K
  class space    used 1055K, capacity 1106K, committed 1152K, reserved 1048576K
}
Event: 0.793 GC heap after
{Heap after GC invocations=1 (full 0):
 garbage-first heap   total 251904K, used 9502K [0x0000000080000000, 0x0000000100000000)
  region size 1024K, 3 young (3072K), 3 survivors (3072K)
 Metaspace       used 10189K, capacity 10387K, committed 10624K, reserved 1058816K
  class space    used 1055K, capacity 1106K, committed 1152K, reserved 1048576K
}
Event: 3.077 GC heap before
{Heap before GC invocations=1 (full 0):
 garbage-first heap   total 251904K, used 113950K [0x0000000080000000, 0x0000000100000000)
  region size 1024K, 105 young (107520K), 3 survivors (3072K)
 Metaspace       used 20760K, capacity 21229K, committed 21296K, reserved 1069056K
  class space    used 2539K, capacity 2680K, committed 2688K, reserved 1048576K
}
Event: 3.083 GC heap after
{Heap after GC invocations=2 (full 0):
 garbage-first heap   total 251904K, used 17081K [0x0000000080000000, 0x0000000100000000)
  region size 1024K, 11 young (11264K), 11 survivors (11264K)
 Metaspace       used 20760K, capacity 21229K, committed 21296K, reserved 1069056K
  class space    used 2539K, capacity 2680K, committed 2688K, reserved 1048576K
}
Event: 3.403 GC heap before
{Heap before GC invocations=3 (full 0):
 garbage-first heap   total 251904K, used 57017K [0x0000000080000000, 0x0000000100000000)
  region size 1024K, 51 young (52224K), 11 survivors (11264K)
 Metaspace       used 24890K, capacity 25510K, committed 25648K, reserved 1071104K
  class space    used 3172K, capacity 3388K, committed 3456K, reserved 1048576K
}
Event: 3.409 GC heap after
{Heap after GC invocations=4 (full 0):
 garbage-first heap   total 251904K, used 18535K [0x0000000080000000, 0x0000000100000000)
  region size 1024K, 2 young (2048K), 2 survivors (2048K)
 Metaspace       used 24890K, capacity 25510K, committed 25648K, reserved 1071104K
  class space    used 3172K, capacity 3388K, committed 3456K, reserved 1048576K
}

Deoptimization events (20 events):
Event: 3.918 Thread 0x000001faafe6a800 DEOPT PACKING pc=0x000001fa96934c76 sp=0x00000022f4af86c0
Event: 3.918 Thread 0x000001faafe6a800 DEOPT UNPACKING pc=0x000001fa95d9a95e sp=0x00000022f4af7be0 mode 0
Event: 3.938 Thread 0x000001faafe6a800 Uncommon trap: trap_request=0xffffff6e fr.pc=0x000001fa9da46b4c relative=0x000000000000078c
Event: 3.938 Thread 0x000001faafe6a800 Uncommon trap: reason=speculate_class_check action=maybe_recompile pc=0x000001fa9da46b4c method=java.lang.reflect.Executable.declaredAnnotations()Ljava/util/Map; @ 23 c2
Event: 3.938 Thread 0x000001faafe6a800 DEOPT PACKING pc=0x000001fa9da46b4c sp=0x00000022f4af94b0
Event: 3.938 Thread 0x000001faafe6a800 DEOPT UNPACKING pc=0x000001fa95d9a1af sp=0x00000022f4af93f0 mode 2
Event: 3.946 Thread 0x000001faafe6a800 Uncommon trap: trap_request=0xffffff4d fr.pc=0x000001fa9d9e4550 relative=0x00000000000001f0
Event: 3.946 Thread 0x000001faafe6a800 Uncommon trap: reason=unstable_if action=reinterpret pc=0x000001fa9d9e4550 method=java.util.HashMap.putVal(ILjava/lang/Object;Ljava/lang/Object;ZZ)Ljava/lang/Object; @ 162 c2
Event: 3.946 Thread 0x000001faafe6a800 DEOPT PACKING pc=0x000001fa9d9e4550 sp=0x00000022f4afa310
Event: 3.946 Thread 0x000001faafe6a800 DEOPT UNPACKING pc=0x000001fa95d9a1af sp=0x00000022f4afa290 mode 2
Event: 3.948 Thread 0x000001faafe6a800 Uncommon trap: trap_request=0xffffff6e fr.pc=0x000001fa9da46b4c relative=0x000000000000078c
Event: 3.948 Thread 0x000001faafe6a800 Uncommon trap: reason=speculate_class_check action=maybe_recompile pc=0x000001fa9da46b4c method=java.lang.reflect.Executable.declaredAnnotations()Ljava/util/Map; @ 23 c2
Event: 3.948 Thread 0x000001faafe6a800 DEOPT PACKING pc=0x000001fa9da46b4c sp=0x00000022f4afa4e0
Event: 3.948 Thread 0x000001faafe6a800 DEOPT UNPACKING pc=0x000001fa95d9a1af sp=0x00000022f4afa420 mode 2
Event: 3.991 Thread 0x000001faafe6a800 DEOPT PACKING pc=0x000001fa96884e1b sp=0x00000022f4af8ff0
Event: 3.991 Thread 0x000001faafe6a800 DEOPT UNPACKING pc=0x000001fa95d9a95e sp=0x00000022f4af8460 mode 0
Event: 4.127 Thread 0x000001faafe6a800 Uncommon trap: trap_request=0xffffff4d fr.pc=0x000001fa9d9ee864 relative=0x0000000000005924
Event: 4.127 Thread 0x000001faafe6a800 Uncommon trap: reason=unstable_if action=reinterpret pc=0x000001fa9d9ee864 method=jdk.internal.loader.BuiltinClassLoader.loadClassOrNull(Ljava/lang/String;Z)Ljava/lang/Class; @ 42 c2
Event: 4.127 Thread 0x000001faafe6a800 DEOPT PACKING pc=0x000001fa9d9ee864 sp=0x00000022f4af4f20
Event: 4.127 Thread 0x000001faafe6a800 DEOPT UNPACKING pc=0x000001fa95d9a1af sp=0x00000022f4af4db0 mode 2

Classes redefined (0 events):
No events

Internal exceptions (20 events):
Event: 3.547 Thread 0x000001faafe6a800 Exception <a 'java/lang/NoSuchMethodError'{0x000000008ead90d8}: 'java.lang.Object java.lang.invoke.DirectMethodHandle$Holder.invokeVirtual(java.lang.Object, java.lang.Object, java.lang.Object)'> (0x000000008ead90d8) thrown at [./src/hotspot/share/interpreter/linkResolver.cpp, line 773]
Event: 3.549 Thread 0x000001faafe6a800 Exception <a 'java/lang/NoSuchMethodError'{0x000000008e9024e0}: 'int java.lang.invoke.DirectMethodHandle$Holder.invokeVirtual(java.lang.Object, java.lang.Object)'> (0x000000008e9024e0) thrown at [./src/hotspot/share/interpreter/linkResolver.cpp, line 773]
Event: 3.554 Thread 0x000001faafe6a800 Exception <a 'java/lang/NoSuchMethodError'{0x000000008e93c888}: 'int java.lang.invoke.DirectMethodHandle$Holder.invokeVirtual(java.lang.Object, java.lang.Object, java.lang.Object)'> (0x000000008e93c888) thrown at [./src/hotspot/share/interpreter/linkResolver.cpp, line 773]
Event: 3.571 Thread 0x000001faafe6a800 Exception <a 'java/lang/NoSuchMethodError'{0x000000008e8a00a0}: 'void java.lang.invoke.DirectMethodHandle$Holder.invokeSpecial(java.lang.Object, java.lang.Object)'> (0x000000008e8a00a0) thrown at [./src/hotspot/share/interpreter/linkResolver.cpp, line 773]
Event: 3.660 Thread 0x000001faafe6a800 Exception <a 'java/lang/NoSuchMethodError'{0x000000008de208f8}: 'java.lang.Object java.lang.invoke.DirectMethodHandle$Holder.invokeSpecialIFC(java.lang.Object, java.lang.Object, java.lang.Object, java.lang.Object)'> (0x000000008de208f8) thrown at [./src/hotspot/share/interpreter/linkResolver.cpp, line 773]
Event: 3.665 Thread 0x000001faafe6a800 Exception <a 'java/lang/NoSuchMethodError'{0x000000008defa490}: 'java.lang.Object java.lang.invoke.DirectMethodHandle$Holder.invokeSpecial(java.lang.Object, java.lang.Object, java.lang.Object, java.lang.Object, java.lang.Object, java.lang.Object, java.lang.Object, java.lang.Object, java.lang.Object, java.lang.Object, java.lang.Object, java.lang.Object, java.lang.Object)'> (0x000000008defa490) thrown at [./src/hotspot/share/interpreter/linkResolver.cpp, line 773]
Event: 3.666 Thread 0x000001faafe6a800 Exception <a 'java/lang/NoSuchMethodError'{0x000000008dd0b7c0}: 'java.lang.Object java.lang.invoke.DirectMethodHandle$Holder.invokeSpecial(java.lang.Object, java.lang.Object, java.lang.Object, java.lang.Object, java.lang.Object, java.lang.Object, java.lang.Object, java.lang.Object, java.lang.Object, java.lang.Object, java.lang.Object, java.lang.Object)'> (0x000000008dd0b7c0) thrown at [./src/hotspot/share/interpreter/linkResolver.cpp, line 773]
Event: 3.666 Thread 0x000001faafe6a800 Exception <a 'java/lang/NoSuchMethodError'{0x000000008dd108e8}: 'java.lang.Object java.lang.invoke.Invokers$Holder.linkToTargetMethod(java.lang.Object, java.lang.Object, java.lang.Object, java.lang.Object, java.lang.Object, java.lang.Object, java.lang.Object, java.lang.Object, java.lang.Object, java.lang.Object, java.lang.Object)'> (0x000000008dd108e8) thrown at [./src/hotspot/share/interpreter/linkResolver.cpp, line 773]
Event: 3.674 Thread 0x000001faafe6a800 Exception <a 'java/lang/NoSuchMethodError'{0x000000008dc50158}: 'java.lang.Object java.lang.invoke.DirectMethodHandle$Holder.invokeSpecial(java.lang.Object, java.lang.Object, java.lang.Object, java.lang.Object, java.lang.Object, java.lang.Object, java.lang.Object, java.lang.Object, java.lang.Object, java.lang.Object, java.lang.Object, java.lang.Object, java.lang.Object, java.lang.Object)'> (0x000000008dc50158) thrown at [./src/hotspot/share/interpreter/linkResolver.cpp, line 773]
Event: 3.675 Thread 0x000001faafe6a800 Exception <a 'java/lang/NoSuchMethodError'{0x000000008dc617d0}: 'java.lang.Object java.lang.invoke.Invokers$Holder.linkToTargetMethod(java.lang.Object, java.lang.Object, java.lang.Object, java.lang.Object, java.lang.Object, java.lang.Object, java.lang.Object, java.lang.Object, java.lang.Object, java.lang.Object, java.lang.Object, java.lang.Object)'> (0x000000008dc617d0) thrown at [./src/hotspot/share/interpreter/linkResolver.cpp, line 773]
Event: 3.681 Thread 0x000001faafe6a800 Exception <a 'java/lang/NoSuchMethodError'{0x000000008db4a468}: 'java.lang.Object java.lang.invoke.DirectMethodHandle$Holder.invokeStaticInit(java.lang.Object, java.lang.Object, java.lang.Object, java.lang.Object)'> (0x000000008db4a468) thrown at [./src/hotspot/share/interpreter/linkResolver.cpp, line 773]
Event: 3.746 Thread 0x000001faafe6a800 Implicit null exception at 0x000001fa9d9d34f5 to 0x000001fa9d9d36bc
Event: 3.747 Thread 0x000001faafe6a800 Implicit null exception at 0x000001fa9d9670af to 0x000001fa9d96711d
Event: 3.843 Thread 0x000001faafe6a800 Exception <a 'java/lang/NoSuchMethodError'{0x000000008c8abdd8}: 'java.lang.Object java.lang.invoke.Invokers$Holder.linkToTargetMethod(java.lang.Object, java.lang.Object, java.lang.Object, java.lang.Object, java.lang.Object, java.lang.Object, java.lang.Object, java.lang.Object)'> (0x000000008c8abdd8) thrown at [./src/hotspot/share/interpreter/linkResolver.cpp, line 773]
Event: 3.845 Thread 0x000001faafe6a800 Exception <a 'java/lang/NoSuchMethodError'{0x000000008c8f8420}: 'java.lang.Object java.lang.invoke.Invokers$Holder.linkToTargetMethod(java.lang.Object, java.lang.Object, java.lang.Object, java.lang.Object, java.lang.Object, java.lang.Object, java.lang.Object)'> (0x000000008c8f8420) thrown at [./src/hotspot/share/interpreter/linkResolver.cpp, line 773]
Event: 3.847 Thread 0x000001faafe6a800 Exception <a 'java/lang/IncompatibleClassChangeError'{0x000000008c736fa0}: Found class java.lang.Object, but interface was expected> (0x000000008c736fa0) thrown at [./src/hotspot/share/interpreter/linkResolver.cpp, line 839]
Event: 4.037 Thread 0x000001faafe6a800 Exception <a 'java/lang/NoSuchMethodError'{0x000000008b32bee0}: 'void java.lang.invoke.DirectMethodHandle$Holder.invokeStaticInit(java.lang.Object, java.lang.Object, java.lang.Object)'> (0x000000008b32bee0) thrown at [./src/hotspot/share/interpreter/linkResolver.cpp, line 773]
Event: 4.038 Thread 0x000001faafe6a800 Exception <a 'java/lang/NoSuchMethodError'{0x000000008b333090}: 'void java.lang.invoke.DirectMethodHandle$Holder.invokeStaticInit(java.lang.Object, java.lang.Object, java.lang.Object, java.lang.Object)'> (0x000000008b333090) thrown at [./src/hotspot/share/interpreter/linkResolver.cpp, line 773]
Event: 4.040 Thread 0x000001faafe6a800 Exception <a 'java/lang/NoSuchMethodError'{0x000000008b3556e8}: 'void java.lang.invoke.DirectMethodHandle$Holder.invokeStaticInit(java.lang.Object, java.lang.Object, java.lang.Object, java.lang.Object, java.lang.Object)'> (0x000000008b3556e8) thrown at [./src/hotspot/share/interpreter/linkResolver.cpp, line 773]
Event: 4.063 Thread 0x000001faafe6a800 Exception <a 'java/lang/NoSuchMethodError'{0x000000008b3b4070}: 'int java.lang.invoke.DirectMethodHandle$Holder.invokeStaticInit(java.lang.Object, java.lang.Object, java.lang.Object, java.lang.Object)'> (0x000000008b3b4070) thrown at [./src/hotspot/share/interpreter/linkResolver.cpp, line 773]

Events (20 events):
Event: 4.127 Executing VM operation: RevokeBias
Event: 4.127 Executing VM operation: RevokeBias done
Event: 4.127 Executing VM operation: RevokeBias
Event: 4.127 Executing VM operation: RevokeBias done
Event: 4.128 Executing VM operation: Deoptimize
Event: 4.128 Executing VM operation: Deoptimize done
Event: 4.130 Executing VM operation: RevokeBias
Event: 4.130 Executing VM operation: RevokeBias done
Event: 4.130 loading class org/apache/groovy/nio/extensions/NioExtensions
Event: 4.130 loading class org/apache/groovy/nio/extensions/NioExtensions done
Event: 4.132 loading class groovy/io/FileVisitResult
Event: 4.132 loading class groovy/io/FileVisitResult done
Event: 4.133 loading class java/nio/file/WatchService
Event: 4.133 loading class java/nio/file/WatchService done
Event: 4.133 loading class java/nio/file/WatchEvent$Kind
Event: 4.133 loading class java/nio/file/WatchEvent$Kind done
Event: 4.133 loading class java/nio/file/WatchKey
Event: 4.133 loading class java/nio/file/WatchKey done
Event: 4.133 loading class java/nio/file/WatchEvent$Modifier
Event: 4.133 loading class java/nio/file/WatchEvent$Modifier done


Dynamic libraries:
0x00007ff7b6400000 - 0x00007ff7b640a000 	D:\AS\jre\bin\java.exe
0x00007ffe285b0000 - 0x00007ffe287c4000 	C:\WINDOWS\SYSTEM32\ntdll.dll
0x00007ffe272b0000 - 0x00007ffe27372000 	C:\WINDOWS\System32\KERNEL32.DLL
0x00007ffe25d60000 - 0x00007ffe260fd000 	C:\WINDOWS\System32\KERNELBASE.dll
0x00007ffe26220000 - 0x00007ffe26331000 	C:\WINDOWS\System32\ucrtbase.dll
0x00007ffdeaf00000 - 0x00007ffdeaf17000 	D:\AS\jre\bin\VCRUNTIME140.dll
0x00007ffdeaee0000 - 0x00007ffdeaef9000 	D:\AS\jre\bin\jli.dll
0x00007ffe26e10000 - 0x00007ffe26fba000 	C:\WINDOWS\System32\USER32.dll
0x00007ffe25c70000 - 0x00007ffe25c96000 	C:\WINDOWS\System32\win32u.dll
0x00007ffe14ca0000 - 0x00007ffe14f2e000 	C:\WINDOWS\WinSxS\amd64_microsoft.windows.common-controls_6595b64144ccf1df_6.0.22621.608_none_a9444ca7c10bb01d\COMCTL32.dll
0x00007ffe27f50000 - 0x00007ffe27f79000 	C:\WINDOWS\System32\GDI32.dll
0x00007ffe26d50000 - 0x00007ffe26df7000 	C:\WINDOWS\System32\msvcrt.dll
0x00007ffe26100000 - 0x00007ffe26212000 	C:\WINDOWS\System32\gdi32full.dll
0x00007ffe259e0000 - 0x00007ffe25a7a000 	C:\WINDOWS\System32\msvcp_win.dll
0x00007ffe26fc0000 - 0x00007ffe26ff2000 	C:\WINDOWS\System32\IMM32.DLL
0x00007ffdbab80000 - 0x00007ffdbac1d000 	D:\AS\jre\bin\msvcp140.dll
0x00007ffde54b0000 - 0x00007ffde5f95000 	D:\AS\jre\bin\server\jvm.dll
0x00007ffe281a0000 - 0x00007ffe2824e000 	C:\WINDOWS\System32\ADVAPI32.dll
0x00007ffe28000000 - 0x00007ffe280a4000 	C:\WINDOWS\System32\sechost.dll
0x00007ffe28250000 - 0x00007ffe28365000 	C:\WINDOWS\System32\RPCRT4.dll
0x00007ffe28190000 - 0x00007ffe28198000 	C:\WINDOWS\System32\PSAPI.DLL
0x00007ffe214d0000 - 0x00007ffe21504000 	C:\WINDOWS\SYSTEM32\WINMM.dll
0x00007ffe21540000 - 0x00007ffe21549000 	C:\WINDOWS\SYSTEM32\WSOCK32.dll
0x00007ffe1ed10000 - 0x00007ffe1ed1a000 	C:\WINDOWS\SYSTEM32\VERSION.dll
0x00007ffe27f80000 - 0x00007ffe27ff1000 	C:\WINDOWS\System32\WS2_32.dll
0x00007ffe24b40000 - 0x00007ffe24b58000 	C:\WINDOWS\SYSTEM32\kernel.appcore.dll
0x00007ffe1f480000 - 0x00007ffe1f491000 	D:\AS\jre\bin\verify.dll
0x00007ffe236a0000 - 0x00007ffe238ce000 	C:\WINDOWS\SYSTEM32\DBGHELP.DLL
0x00007ffe273e0000 - 0x00007ffe2776a000 	C:\WINDOWS\System32\combase.dll
0x00007ffe280b0000 - 0x00007ffe28187000 	C:\WINDOWS\System32\OLEAUT32.dll
0x00007ffe1e720000 - 0x00007ffe1e752000 	C:\WINDOWS\SYSTEM32\dbgcore.DLL
0x00007ffe25a80000 - 0x00007ffe25afb000 	C:\WINDOWS\System32\bcryptPrimitives.dll
0x00007ffe1e8f0000 - 0x00007ffe1e919000 	D:\AS\jre\bin\java.dll
0x00007ffe21530000 - 0x00007ffe2153b000 	D:\AS\jre\bin\jimage.dll
0x00007ffe1e020000 - 0x00007ffe1e038000 	D:\AS\jre\bin\zip.dll
0x00007ffe27770000 - 0x00007ffe27f50000 	C:\WINDOWS\System32\SHELL32.dll
0x00007ffe23a30000 - 0x00007ffe242f5000 	C:\WINDOWS\SYSTEM32\windows.storage.dll
0x00007ffe238f0000 - 0x00007ffe23a2e000 	C:\WINDOWS\SYSTEM32\wintypes.dll
0x00007ffe26b60000 - 0x00007ffe26c51000 	C:\WINDOWS\System32\SHCORE.dll
0x00007ffe28490000 - 0x00007ffe284ee000 	C:\WINDOWS\System32\shlwapi.dll
0x00007ffe25910000 - 0x00007ffe25931000 	C:\WINDOWS\SYSTEM32\profapi.dll
0x00007ffe1dfc0000 - 0x00007ffe1dfda000 	D:\AS\jre\bin\net.dll
0x00007ffe21a90000 - 0x00007ffe21bbf000 	C:\WINDOWS\SYSTEM32\WINHTTP.dll
0x00007ffe24fa0000 - 0x00007ffe25009000 	C:\WINDOWS\system32\mswsock.dll
0x00007ffe1dd30000 - 0x00007ffe1dd44000 	D:\AS\jre\bin\nio.dll
0x00007ffe09b80000 - 0x00007ffe09ba7000 	C:\Users\42414\.gradle\native\e1d6ef7f7dcc3fd88c89a11ec53ec762bb8ba0a96d01ffa2cd45eb1d1d8dd5c5\windows-amd64\native-platform.dll
0x00007ffdbaa30000 - 0x00007ffdbab74000 	C:\Users\42414\.gradle\native\5664cfc778a61ccfe75a443a1ab52a65af34e5dc3c78e0209fed803814484fcb\windows-amd64\native-platform-file-events.dll
0x00007ffe1f4f0000 - 0x00007ffe1f4fa000 	D:\AS\jre\bin\management.dll
0x00007ffe1f470000 - 0x00007ffe1f47d000 	D:\AS\jre\bin\management_ext.dll
0x00007ffe251f0000 - 0x00007ffe2520b000 	C:\WINDOWS\SYSTEM32\CRYPTSP.dll
0x00007ffe24ab0000 - 0x00007ffe24ae5000 	C:\WINDOWS\system32\rsaenh.dll
0x00007ffe25090000 - 0x00007ffe250b8000 	C:\WINDOWS\SYSTEM32\USERENV.dll
0x00007ffe253a0000 - 0x00007ffe253c8000 	C:\WINDOWS\SYSTEM32\bcrypt.dll
0x00007ffe251e0000 - 0x00007ffe251ec000 	C:\WINDOWS\SYSTEM32\CRYPTBASE.dll
0x00007ffe245c0000 - 0x00007ffe245ed000 	C:\WINDOWS\SYSTEM32\IPHLPAPI.DLL
0x00007ffe273d0000 - 0x00007ffe273d9000 	C:\WINDOWS\System32\NSI.dll
0x00007ffe21820000 - 0x00007ffe21839000 	C:\WINDOWS\SYSTEM32\dhcpcsvc6.DLL
0x00007ffe21800000 - 0x00007ffe2181f000 	C:\WINDOWS\SYSTEM32\dhcpcsvc.DLL
0x00007ffe24630000 - 0x00007ffe24722000 	C:\WINDOWS\SYSTEM32\DNSAPI.dll

dbghelp: loaded successfully - version: 4.0.5 - missing functions: none
symbol engine: initialized successfully - sym options: 0x614 - pdb path: .;D:\AS\jre\bin;C:\WINDOWS\SYSTEM32;C:\WINDOWS\WinSxS\amd64_microsoft.windows.common-controls_6595b64144ccf1df_6.0.22621.608_none_a9444ca7c10bb01d;D:\AS\jre\bin\server;C:\Users\42414\.gradle\native\e1d6ef7f7dcc3fd88c89a11ec53ec762bb8ba0a96d01ffa2cd45eb1d1d8dd5c5\windows-amd64;C:\Users\42414\.gradle\native\5664cfc778a61ccfe75a443a1ab52a65af34e5dc3c78e0209fed803814484fcb\windows-amd64

VM Arguments:
jvm_args: --add-opens=java.base/java.util=ALL-UNNAMED --add-opens=java.base/java.lang=ALL-UNNAMED --add-opens=java.base/java.lang.invoke=ALL-UNNAMED --add-opens=java.base/java.util=ALL-UNNAMED --add-opens=java.prefs/java.util.prefs=ALL-UNNAMED --add-opens=java.prefs/java.util.prefs=ALL-UNNAMED --add-opens=java.base/java.nio.charset=ALL-UNNAMED --add-opens=java.base/java.net=ALL-UNNAMED --add-opens=java.base/java.util.concurrent.atomic=ALL-UNNAMED -Xmx2048m -Dfile.encoding=UTF-8 -Duser.country=CN -Duser.language=zh -Duser.variant 
java_command: org.gradle.launcher.daemon.bootstrap.GradleDaemon 7.3.3
java_class_path (initial): C:\Users\42414\.gradle\wrapper\dists\gradle-7.3.3-bin\6a41zxkdtcxs8rphpq6y0069z\gradle-7.3.3\lib\gradle-launcher-7.3.3.jar
Launcher Type: SUN_STANDARD

[Global flags]
     intx CICompilerCount                          = 12                                        {product} {ergonomic}
     uint ConcGCThreads                            = 3                                         {product} {ergonomic}
     uint G1ConcRefinementThreads                  = 13                                        {product} {ergonomic}
   size_t G1HeapRegionSize                         = 1048576                                   {product} {ergonomic}
    uintx GCDrainStackTargetSize                   = 64                                        {product} {ergonomic}
   size_t InitialHeapSize                          = 257949696                                 {product} {ergonomic}
   size_t MarkStackSize                            = 4194304                                   {product} {ergonomic}
   size_t MaxHeapSize                              = 2147483648                                {product} {command line}
   size_t MaxNewSize                               = 1287651328                                {product} {ergonomic}
   size_t MinHeapDeltaBytes                        = 1048576                                   {product} {ergonomic}
    uintx NonNMethodCodeHeapSize                   = 7594288                                {pd product} {ergonomic}
    uintx NonProfiledCodeHeapSize                  = 122031976                              {pd product} {ergonomic}
    uintx ProfiledCodeHeapSize                     = 122031976                              {pd product} {ergonomic}
    uintx ReservedCodeCacheSize                    = 251658240                              {pd product} {ergonomic}
     bool SegmentedCodeCache                       = true                                      {product} {ergonomic}
     bool UseCompressedClassPointers               = true                                 {lp64_product} {ergonomic}
     bool UseCompressedOops                        = true                                 {lp64_product} {ergonomic}
     bool UseG1GC                                  = true                                      {product} {ergonomic}
     bool UseLargePagesIndividualAllocation        = false                                  {pd product} {ergonomic}

Logging:
Log output configuration:
 #0: stdout all=warning uptime,level,tags
 #1: stderr all=off uptime,level,tags

Environment Variables:
PATH=D:\VM\bin\;C:\WINDOWS\system32;C:\WINDOWS;C:\WINDOWS\System32\Wbem;C:\WINDOWS\System32\WindowsPowerShell\v1.0\;C:\WINDOWS\System32\OpenSSH\;D:\Git\cmd;D:\python\Scripts\;D:\python\;C:\Users\42414\AppData\Local\Microsoft\WindowsApps;
USERNAME=42414
OS=Windows_NT
PROCESSOR_IDENTIFIER=AMD64 Family 23 Model 96 Stepping 1, AuthenticAMD



---------------  S Y S T E M  ---------------

OS: Windows 10 , 64 bit Build 22621 (10.0.22621.755)
OS uptime: 3 days 17:53 hours

CPU:total 16 (initial active 16) (16 cores per cpu, 2 threads per core) family 23 model 96 stepping 1 microcode 0x0, cmov, cx8, fxsr, mmx, sse, sse2, sse3, ssse3, sse4.1, sse4.2, popcnt, avx, avx2, aes, clmul, mmxext, 3dnowpref, lzcnt, sse4a, ht, tsc, tscinvbit, tscinv, bmi1, bmi2, adx, sha, fma

Memory: 4k page, system-wide physical 15741M (2231M free)
TotalPageFile size 28541M (AvailPageFile size 6M)
current process WorkingSet (physical memory assigned to process): 285M, peak: 285M
current process commit charge ("private bytes"): 449M, peak: 452M

vm_info: OpenJDK 64-Bit Server VM (11.0.12+7-b1504.28-7817840) for windows-amd64 JRE (11.0.12+7-b1504.28-7817840), built on Oct 13 2021 22:12:33 by "builder" with MS VC++ 14.0 (VS2015)

END.
